2026-03-11 11:38:45 [error]: Error: Cannot find module '../controllers/authController'
Require stack:
- C:\Users\user\Desktop\CAR\routes\auth.routes.js
- C:\Users\user\Desktop\CAR\app.js
- C:\Users\user\Desktop\CAR\index.js
    at Module._resolveFilename (node:internal/modules/cjs/loader:1421:15)
    at defaultResolveImpl (node:internal/modules/cjs/loader:1059:19)
    at resolveForCJSWithHooks (node:internal/modules/cjs/loader:1064:22)
    at Module._load (node:internal/modules/cjs/loader:1227:37)
    at TracingChannel.traceSync (node:diagnostics_channel:328:14)
    at wrapModuleLoad (node:internal/modules/cjs/loader:245:24)
    at Module.require (node:internal/modules/cjs/loader:1504:12)
    at require (node:internal/modules/helpers:152:16)
    at Object.<anonymous> (C:\Users\user\Desktop\CAR\routes\auth.routes.js:5:5)
    at Module._compile (node:internal/modules/cjs/loader:1761:14)
2026-03-11 11:41:21 [error]: Error: Cannot find module '../controllers/authController'
Require stack:
- C:\Users\user\Desktop\CAR\routes\auth.routes.js
- C:\Users\user\Desktop\CAR\app.js
- C:\Users\user\Desktop\CAR\index.js
    at Module._resolveFilename (node:internal/modules/cjs/loader:1421:15)
    at defaultResolveImpl (node:internal/modules/cjs/loader:1059:19)
    at resolveForCJSWithHooks (node:internal/modules/cjs/loader:1064:22)
    at Module._load (node:internal/modules/cjs/loader:1227:37)
    at TracingChannel.traceSync (node:diagnostics_channel:328:14)
    at wrapModuleLoad (node:internal/modules/cjs/loader:245:24)
    at Module.require (node:internal/modules/cjs/loader:1504:12)
    at require (node:internal/modules/helpers:152:16)
    at Object.<anonymous> (C:\Users\user\Desktop\CAR\routes\auth.routes.js:5:5)
    at Module._compile (node:internal/modules/cjs/loader:1761:14)
2026-03-11 12:06:23 [error]: Error: Cannot find module 'bcryptjs'
Require stack:
- C:\Users\user\Desktop\CAR\models\user.js
- C:\Users\user\Desktop\CAR\controller\auth.controller.js
- C:\Users\user\Desktop\CAR\routes\auth.routes.js
- C:\Users\user\Desktop\CAR\app.js
- C:\Users\user\Desktop\CAR\index.js
    at Module._resolveFilename (node:internal/modules/cjs/loader:1421:15)
    at defaultResolveImpl (node:internal/modules/cjs/loader:1059:19)
    at resolveForCJSWithHooks (node:internal/modules/cjs/loader:1064:22)
    at Module._load (node:internal/modules/cjs/loader:1227:37)
    at TracingChannel.traceSync (node:diagnostics_channel:328:14)
    at wrapModuleLoad (node:internal/modules/cjs/loader:245:24)
    at Module.require (node:internal/modules/cjs/loader:1504:12)
    at require (node:internal/modules/helpers:152:16)
    at Object.<anonymous> (C:\Users\user\Desktop\CAR\models\user.js:2:16)
    at Module._compile (node:internal/modules/cjs/loader:1761:14)
2026-03-11 12:09:21 [error]: Error: Cannot find module 'bcryptjs'
Require stack:
- C:\Users\user\Desktop\CAR\models\user.js
- C:\Users\user\Desktop\CAR\controller\auth.controller.js
- C:\Users\user\Desktop\CAR\routes\auth.routes.js
- C:\Users\user\Desktop\CAR\app.js
- C:\Users\user\Desktop\CAR\index.js
    at Module._resolveFilename (node:internal/modules/cjs/loader:1421:15)
    at defaultResolveImpl (node:internal/modules/cjs/loader:1059:19)
    at resolveForCJSWithHooks (node:internal/modules/cjs/loader:1064:22)
    at Module._load (node:internal/modules/cjs/loader:1227:37)
    at TracingChannel.traceSync (node:diagnostics_channel:328:14)
    at wrapModuleLoad (node:internal/modules/cjs/loader:245:24)
    at Module.require (node:internal/modules/cjs/loader:1504:12)
    at require (node:internal/modules/helpers:152:16)
    at Object.<anonymous> (C:\Users\user\Desktop\CAR\models\user.js:2:16)
    at Module._compile (node:internal/modules/cjs/loader:1761:14)
2026-03-11 12:26:24 [error]: Error: Cannot find module 'bcryptjs'
Require stack:
- C:\Users\user\Desktop\CAR\models\user.js
- C:\Users\user\Desktop\CAR\controller\auth.controller.js
- C:\Users\user\Desktop\CAR\routes\auth.routes.js
- C:\Users\user\Desktop\CAR\app.js
- C:\Users\user\Desktop\CAR\index.js
    at Module._resolveFilename (node:internal/modules/cjs/loader:1421:15)
    at defaultResolveImpl (node:internal/modules/cjs/loader:1059:19)
    at resolveForCJSWithHooks (node:internal/modules/cjs/loader:1064:22)
    at Module._load (node:internal/modules/cjs/loader:1227:37)
    at TracingChannel.traceSync (node:diagnostics_channel:328:14)
    at wrapModuleLoad (node:internal/modules/cjs/loader:245:24)
    at Module.require (node:internal/modules/cjs/loader:1504:12)
    at require (node:internal/modules/helpers:152:16)
    at Object.<anonymous> (C:\Users\user\Desktop\CAR\models\user.js:2:16)
    at Module._compile (node:internal/modules/cjs/loader:1761:14)
2026-03-11 12:27:28 [error]: Error: Cannot find module 'bcryptjs'
Require stack:
- C:\Users\user\Desktop\CAR\models\user.js
- C:\Users\user\Desktop\CAR\controller\auth.controller.js
- C:\Users\user\Desktop\CAR\routes\auth.routes.js
- C:\Users\user\Desktop\CAR\app.js
- C:\Users\user\Desktop\CAR\index.js
    at Module._resolveFilename (node:internal/modules/cjs/loader:1421:15)
    at defaultResolveImpl (node:internal/modules/cjs/loader:1059:19)
    at resolveForCJSWithHooks (node:internal/modules/cjs/loader:1064:22)
    at Module._load (node:internal/modules/cjs/loader:1227:37)
    at TracingChannel.traceSync (node:diagnostics_channel:328:14)
    at wrapModuleLoad (node:internal/modules/cjs/loader:245:24)
    at Module.require (node:internal/modules/cjs/loader:1504:12)
    at require (node:internal/modules/helpers:152:16)
    at Object.<anonymous> (C:\Users\user\Desktop\CAR\models\user.js:2:16)
    at Module._compile (node:internal/modules/cjs/loader:1761:14)
2026-03-11 12:29:43 [error]: Error: Cannot find module 'bcryptjs'
Require stack:
- C:\Users\user\Desktop\CAR\models\user.js
- C:\Users\user\Desktop\CAR\controller\auth.controller.js
- C:\Users\user\Desktop\CAR\routes\auth.routes.js
- C:\Users\user\Desktop\CAR\app.js
- C:\Users\user\Desktop\CAR\index.js
    at Module._resolveFilename (node:internal/modules/cjs/loader:1421:15)
    at defaultResolveImpl (node:internal/modules/cjs/loader:1059:19)
    at resolveForCJSWithHooks (node:internal/modules/cjs/loader:1064:22)
    at Module._load (node:internal/modules/cjs/loader:1227:37)
    at TracingChannel.traceSync (node:diagnostics_channel:328:14)
    at wrapModuleLoad (node:internal/modules/cjs/loader:245:24)
    at Module.require (node:internal/modules/cjs/loader:1504:12)
    at require (node:internal/modules/helpers:152:16)
    at Object.<anonymous> (C:\Users\user\Desktop\CAR\models\user.js:2:16)
    at Module._compile (node:internal/modules/cjs/loader:1761:14)
2026-03-11 12:31:21 [error]: Error: Cannot find module 'bcryptjs'
Require stack:
- C:\Users\user\Desktop\CAR\models\user.js
- C:\Users\user\Desktop\CAR\controller\auth.controller.js
- C:\Users\user\Desktop\CAR\routes\auth.routes.js
- C:\Users\user\Desktop\CAR\app.js
- C:\Users\user\Desktop\CAR\index.js
    at Module._resolveFilename (node:internal/modules/cjs/loader:1421:15)
    at defaultResolveImpl (node:internal/modules/cjs/loader:1059:19)
    at resolveForCJSWithHooks (node:internal/modules/cjs/loader:1064:22)
    at Module._load (node:internal/modules/cjs/loader:1227:37)
    at TracingChannel.traceSync (node:diagnostics_channel:328:14)
    at wrapModuleLoad (node:internal/modules/cjs/loader:245:24)
    at Module.require (node:internal/modules/cjs/loader:1504:12)
    at require (node:internal/modules/helpers:152:16)
    at Object.<anonymous> (C:\Users\user\Desktop\CAR\models\user.js:2:16)
    at Module._compile (node:internal/modules/cjs/loader:1761:14)
2026-03-11 12:38:47 [error]: Error: Cannot find module 'bcryptjs'
Require stack:
- C:\Users\user\Desktop\CAR\models\user.js
- C:\Users\user\Desktop\CAR\controller\auth.controller.js
- C:\Users\user\Desktop\CAR\routes\auth.routes.js
- C:\Users\user\Desktop\CAR\app.js
- C:\Users\user\Desktop\CAR\index.js
    at Module._resolveFilename (node:internal/modules/cjs/loader:1421:15)
    at defaultResolveImpl (node:internal/modules/cjs/loader:1059:19)
    at resolveForCJSWithHooks (node:internal/modules/cjs/loader:1064:22)
    at Module._load (node:internal/modules/cjs/loader:1227:37)
    at TracingChannel.traceSync (node:diagnostics_channel:328:14)
    at wrapModuleLoad (node:internal/modules/cjs/loader:245:24)
    at Module.require (node:internal/modules/cjs/loader:1504:12)
    at require (node:internal/modules/helpers:152:16)
    at Object.<anonymous> (C:\Users\user\Desktop\CAR\models\user.js:2:16)
    at Module._compile (node:internal/modules/cjs/loader:1761:14)
2026-03-11 12:39:28 [error]: Error: Cannot find module 'bcryptjs'
Require stack:
- C:\Users\user\Desktop\CAR\models\user.js
- C:\Users\user\Desktop\CAR\controller\auth.controller.js
- C:\Users\user\Desktop\CAR\routes\auth.routes.js
- C:\Users\user\Desktop\CAR\app.js
- C:\Users\user\Desktop\CAR\index.js
    at Module._resolveFilename (node:internal/modules/cjs/loader:1421:15)
    at defaultResolveImpl (node:internal/modules/cjs/loader:1059:19)
    at resolveForCJSWithHooks (node:internal/modules/cjs/loader:1064:22)
    at Module._load (node:internal/modules/cjs/loader:1227:37)
    at TracingChannel.traceSync (node:diagnostics_channel:328:14)
    at wrapModuleLoad (node:internal/modules/cjs/loader:245:24)
    at Module.require (node:internal/modules/cjs/loader:1504:12)
    at require (node:internal/modules/helpers:152:16)
    at Object.<anonymous> (C:\Users\user\Desktop\CAR\models\user.js:2:16)
    at Module._compile (node:internal/modules/cjs/loader:1761:14)
2026-03-11 12:45:17 [error]: Error: Cannot find module 'bcryptjs'
Require stack:
- C:\Users\user\Desktop\CAR\models\user.js
- C:\Users\user\Desktop\CAR\controller\auth.controller.js
- C:\Users\user\Desktop\CAR\routes\auth.routes.js
- C:\Users\user\Desktop\CAR\app.js
- C:\Users\user\Desktop\CAR\index.js
    at Module._resolveFilename (node:internal/modules/cjs/loader:1421:15)
    at defaultResolveImpl (node:internal/modules/cjs/loader:1059:19)
    at resolveForCJSWithHooks (node:internal/modules/cjs/loader:1064:22)
    at Module._load (node:internal/modules/cjs/loader:1227:37)
    at TracingChannel.traceSync (node:diagnostics_channel:328:14)
    at wrapModuleLoad (node:internal/modules/cjs/loader:245:24)
    at Module.require (node:internal/modules/cjs/loader:1504:12)
    at require (node:internal/modules/helpers:152:16)
    at Object.<anonymous> (C:\Users\user\Desktop\CAR\models\user.js:2:16)
    at Module._compile (node:internal/modules/cjs/loader:1761:14)
2026-03-11 12:47:55 [error]: Error: Cannot find module 'bcryptjs'
Require stack:
- C:\Users\user\Desktop\CAR\models\user.js
- C:\Users\user\Desktop\CAR\controller\auth.controller.js
- C:\Users\user\Desktop\CAR\routes\auth.routes.js
- C:\Users\user\Desktop\CAR\app.js
- C:\Users\user\Desktop\CAR\index.js
    at Module._resolveFilename (node:internal/modules/cjs/loader:1421:15)
    at defaultResolveImpl (node:internal/modules/cjs/loader:1059:19)
    at resolveForCJSWithHooks (node:internal/modules/cjs/loader:1064:22)
    at Module._load (node:internal/modules/cjs/loader:1227:37)
    at TracingChannel.traceSync (node:diagnostics_channel:328:14)
    at wrapModuleLoad (node:internal/modules/cjs/loader:245:24)
    at Module.require (node:internal/modules/cjs/loader:1504:12)
    at require (node:internal/modules/helpers:152:16)
    at Object.<anonymous> (C:\Users\user\Desktop\CAR\models\user.js:2:16)
    at Module._compile (node:internal/modules/cjs/loader:1761:14)
2026-03-11 12:50:26 [error]: Error: Cannot find module 'bcryptjs'
Require stack:
- C:\Users\user\Desktop\CAR\models\user.js
- C:\Users\user\Desktop\CAR\controller\auth.controller.js
- C:\Users\user\Desktop\CAR\routes\auth.routes.js
- C:\Users\user\Desktop\CAR\app.js
- C:\Users\user\Desktop\CAR\index.js
    at Module._resolveFilename (node:internal/modules/cjs/loader:1421:15)
    at defaultResolveImpl (node:internal/modules/cjs/loader:1059:19)
    at resolveForCJSWithHooks (node:internal/modules/cjs/loader:1064:22)
    at Module._load (node:internal/modules/cjs/loader:1227:37)
    at TracingChannel.traceSync (node:diagnostics_channel:328:14)
    at wrapModuleLoad (node:internal/modules/cjs/loader:245:24)
    at Module.require (node:internal/modules/cjs/loader:1504:12)
    at require (node:internal/modules/helpers:152:16)
    at Object.<anonymous> (C:\Users\user\Desktop\CAR\models\user.js:2:16)
    at Module._compile (node:internal/modules/cjs/loader:1761:14)
2026-03-11 12:51:02 [error]: Error: Cannot find module 'bcryptjs'
Require stack:
- C:\Users\user\Desktop\CAR\models\user.js
- C:\Users\user\Desktop\CAR\controller\auth.controller.js
- C:\Users\user\Desktop\CAR\routes\auth.routes.js
- C:\Users\user\Desktop\CAR\app.js
- C:\Users\user\Desktop\CAR\index.js
    at Module._resolveFilename (node:internal/modules/cjs/loader:1421:15)
    at defaultResolveImpl (node:internal/modules/cjs/loader:1059:19)
    at resolveForCJSWithHooks (node:internal/modules/cjs/loader:1064:22)
    at Module._load (node:internal/modules/cjs/loader:1227:37)
    at TracingChannel.traceSync (node:diagnostics_channel:328:14)
    at wrapModuleLoad (node:internal/modules/cjs/loader:245:24)
    at Module.require (node:internal/modules/cjs/loader:1504:12)
    at require (node:internal/modules/helpers:152:16)
    at Object.<anonymous> (C:\Users\user\Desktop\CAR\models\user.js:2:16)
    at Module._compile (node:internal/modules/cjs/loader:1761:14)
2026-03-11 12:51:05 [error]: Error: Cannot find module 'bcryptjs'
Require stack:
- C:\Users\user\Desktop\CAR\models\user.js
- C:\Users\user\Desktop\CAR\controller\auth.controller.js
- C:\Users\user\Desktop\CAR\routes\auth.routes.js
- C:\Users\user\Desktop\CAR\app.js
- C:\Users\user\Desktop\CAR\index.js
    at Module._resolveFilename (node:internal/modules/cjs/loader:1421:15)
    at defaultResolveImpl (node:internal/modules/cjs/loader:1059:19)
    at resolveForCJSWithHooks (node:internal/modules/cjs/loader:1064:22)
    at Module._load (node:internal/modules/cjs/loader:1227:37)
    at TracingChannel.traceSync (node:diagnostics_channel:328:14)
    at wrapModuleLoad (node:internal/modules/cjs/loader:245:24)
    at Module.require (node:internal/modules/cjs/loader:1504:12)
    at require (node:internal/modules/helpers:152:16)
    at Object.<anonymous> (C:\Users\user\Desktop\CAR\models\user.js:2:16)
    at Module._compile (node:internal/modules/cjs/loader:1761:14)
2026-03-11 12:51:09 [error]: Error: Cannot find module 'bcryptjs'
Require stack:
- C:\Users\user\Desktop\CAR\models\user.js
- C:\Users\user\Desktop\CAR\controller\auth.controller.js
- C:\Users\user\Desktop\CAR\routes\auth.routes.js
- C:\Users\user\Desktop\CAR\app.js
- C:\Users\user\Desktop\CAR\index.js
    at Module._resolveFilename (node:internal/modules/cjs/loader:1421:15)
    at defaultResolveImpl (node:internal/modules/cjs/loader:1059:19)
    at resolveForCJSWithHooks (node:internal/modules/cjs/loader:1064:22)
    at Module._load (node:internal/modules/cjs/loader:1227:37)
    at TracingChannel.traceSync (node:diagnostics_channel:328:14)
    at wrapModuleLoad (node:internal/modules/cjs/loader:245:24)
    at Module.require (node:internal/modules/cjs/loader:1504:12)
    at require (node:internal/modules/helpers:152:16)
    at Object.<anonymous> (C:\Users\user\Desktop\CAR\models\user.js:2:16)
    at Module._compile (node:internal/modules/cjs/loader:1761:14)
2026-03-11 12:51:12 [error]: Error: Cannot find module 'bcryptjs'
Require stack:
- C:\Users\user\Desktop\CAR\models\user.js
- C:\Users\user\Desktop\CAR\controller\auth.controller.js
- C:\Users\user\Desktop\CAR\routes\auth.routes.js
- C:\Users\user\Desktop\CAR\app.js
- C:\Users\user\Desktop\CAR\index.js
    at Module._resolveFilename (node:internal/modules/cjs/loader:1421:15)
    at defaultResolveImpl (node:internal/modules/cjs/loader:1059:19)
    at resolveForCJSWithHooks (node:internal/modules/cjs/loader:1064:22)
    at Module._load (node:internal/modules/cjs/loader:1227:37)
    at TracingChannel.traceSync (node:diagnostics_channel:328:14)
    at wrapModuleLoad (node:internal/modules/cjs/loader:245:24)
    at Module.require (node:internal/modules/cjs/loader:1504:12)
    at require (node:internal/modules/helpers:152:16)
    at Object.<anonymous> (C:\Users\user\Desktop\CAR\models\user.js:2:16)
    at Module._compile (node:internal/modules/cjs/loader:1761:14)
